<?xml version="1.0" encoding="UTF-8"?>
<!-- Generated by org.testng.reporters.JUnitReportReporter -->
<testsuite skipped="0" hostname="DESKTOP-U9PHO9F" name="testCases.AccountCreationPageTest" tests="1" failures="0" timestamp="2022-02-27T18:36:38 CET" time="10.847" errors="0">
  <testcase name="createAccountTest" time="10.847" classname="testCases.AccountCreationPageTest"/>
  <system-out/>
</testsuite> <!-- testCases.AccountCreationPageTest -->
