<?xml version="1.0" encoding="UTF-8"?>
<!-- Generated by org.testng.reporters.JUnitReportReporter -->
<testsuite skipped="0" hostname="DESKTOP-U9PHO9F" name="testCases.AddToCartPageTest" tests="1" failures="0" timestamp="2022-03-02T21:47:26 CET" time="12.544" errors="0">
  <testcase name="addToCartTest" time="12.544" classname="testCases.AddToCartPageTest"/>
  <system-out/>
</testsuite> <!-- testCases.AddToCartPageTest -->
