<?xml version="1.0" encoding="UTF-8"?>
<!-- Generated by org.testng.reporters.JUnitReportReporter -->
<testsuite skipped="0" hostname="DESKTOP-U9PHO9F" name="testCases.LoginPageTest" tests="1" failures="0" timestamp="2022-02-27T18:36:38 CET" time="10.535" errors="0">
  <testcase name="loginTest" time="10.535" classname="testCases.LoginPageTest"/>
  <system-out/>
</testsuite> <!-- testCases.LoginPageTest -->
