<?xml version="1.0" encoding="UTF-8"?>
<!-- Generated by org.testng.reporters.JUnitReportReporter -->
<testsuite skipped="0" hostname="DESKTOP-U9PHO9F" name="testCases.SearchResultPageTest" tests="1" failures="0" timestamp="2022-02-27T18:36:38 CET" time="8.161" errors="0">
  <testcase name="productAvailabilityTest" time="8.161" classname="testCases.SearchResultPageTest"/>
  <system-out/>
</testsuite> <!-- testCases.SearchResultPageTest -->
