<?xml version="1.0" encoding="UTF-8"?>
<!-- Generated by org.testng.reporters.JUnitReportReporter -->
<testsuite skipped="0" hostname="DESKTOP-U9PHO9F" name="testCases.HomePageTest" tests="2" failures="0" timestamp="2022-02-27T18:36:38 CET" time="21.674" errors="0">
  <testcase name="orderHistoryTest" time="10.647" classname="testCases.HomePageTest"/>
  <system-out/>
  <testcase name="wishListTest" time="11.027" classname="testCases.HomePageTest"/>
  <system-out/>
</testsuite> <!-- testCases.HomePageTest -->
